e:\workspaces\project\demo_opengl_project\debug\vc142.pdb
e:\workspaces\project\demo_opengl_project\debug\vc142.idb
e:\workspaces\project\demo_opengl_project\debug\exampleapp.obj
e:\workspaces\project\demo_opengl_project\debug\windowswindow.obj
e:\workspaces\project\demo_opengl_project\debug\windowsinput.obj
e:\workspaces\project\demo_opengl_project\debug\glpch.obj
e:\workspaces\project\demo_opengl_project\debug\shader.obj
e:\workspaces\project\demo_opengl_project\debug\orthographiccamera.obj
e:\workspaces\project\demo_opengl_project\debug\opengldebug.obj
e:\workspaces\project\demo_opengl_project\debug\imguilayer.obj
e:\workspaces\project\demo_opengl_project\debug\log.obj
e:\workspaces\project\demo_opengl_project\debug\layerstack.obj
e:\workspaces\project\demo_opengl_project\debug\layer.obj
e:\workspaces\project\demo_opengl_project\debug\application.obj
e:\workspaces\project\demo_opengl_project\debug\examplelayer.obj
e:\workspaces\project\demo_opengl_project\debug\orthographiccameracontroller.obj
e:\workspaces\project\demo_opengl_project\debug\imguibuild.obj
e:\workspaces\project\demo_opengl_project\debug\demo_opengl_project.pdb
e:\workspaces\project\demo_opengl_project\debug\demo_ope.8b523642.tlog\cl.command.1.tlog
e:\workspaces\project\demo_opengl_project\debug\demo_ope.8b523642.tlog\cl.read.1.tlog
e:\workspaces\project\demo_opengl_project\debug\demo_ope.8b523642.tlog\cl.write.1.tlog
e:\workspaces\project\demo_opengl_project\debug\demo_ope.8b523642.tlog\link-cvtres.read.1.tlog
e:\workspaces\project\demo_opengl_project\debug\demo_ope.8b523642.tlog\link-cvtres.write.1.tlog
e:\workspaces\project\demo_opengl_project\debug\demo_ope.8b523642.tlog\link-rc.read.1.tlog
e:\workspaces\project\demo_opengl_project\debug\demo_ope.8b523642.tlog\link-rc.write.1.tlog
e:\workspaces\project\demo_opengl_project\debug\demo_ope.8b523642.tlog\link.command.1.tlog
e:\workspaces\project\demo_opengl_project\debug\demo_ope.8b523642.tlog\link.read.1.tlog
e:\workspaces\project\demo_opengl_project\debug\demo_ope.8b523642.tlog\link.write.1.tlog
